<?xml version="1.0" encoding="UTF-8"?>
<!-- Generated by org.testng.reporters.JUnitReportReporter -->
<testsuite hostname="DESKTOP-P8351SK" failures="0" tests="1" name="webdrivercheckboxes.Assignment2" time="19.856" errors="0" timestamp="2023-05-22T15:15:03 IST" skipped="0">
  <testcase classname="webdrivercheckboxes.Assignment2" name="testWaitAlert" time="19.856"/>
  <system-out/>
</testsuite> <!-- webdrivercheckboxes.Assignment2 -->
