<?xml version="1.0" encoding="UTF-8"?>
<!-- Generated by org.testng.reporters.JUnitReportReporter -->
<testsuite hostname="DESKTOP-P8351SK" failures="0" tests="1" name="webdrivercheckboxes.TestCheckboxes" time="3.439" errors="0" timestamp="2023-05-22T11:05:56 IST" skipped="0">
  <testcase classname="webdrivercheckboxes.TestCheckboxes" name="testRadioBtn" time="3.439"/>
  <system-out/>
</testsuite> <!-- webdrivercheckboxes.TestCheckboxes -->
