<?xml version="1.0" encoding="UTF-8"?>
<!-- Generated by org.testng.reporters.JUnitReportReporter -->
<testsuite hostname="DESKTOP-P8351SK" failures="0" tests="1" name="webdrivercheckboxes.CheckboxRadiobtnAssignment1" time="12.385" errors="0" timestamp="2023-05-22T11:21:56 IST" skipped="0">
  <testcase classname="webdrivercheckboxes.CheckboxRadiobtnAssignment1" name="testChkboxRadioBtn" time="12.385"/>
  <system-out/>
</testsuite> <!-- webdrivercheckboxes.CheckboxRadiobtnAssignment1 -->
